ARM GAS  C:\Users\acer\AppData\Local\Temp\cccUysg3.s 			page 1


   1              		.syntax unified
   2              		.cpu cortex-m3
   3              		.fpu softvfp
   4              		.eabi_attribute 20, 1
   5              		.eabi_attribute 21, 1
   6              		.eabi_attribute 23, 3
   7              		.eabi_attribute 24, 1
   8              		.eabi_attribute 25, 1
   9              		.eabi_attribute 26, 1
  10              		.eabi_attribute 30, 1
  11              		.eabi_attribute 34, 1
  12              		.eabi_attribute 18, 4
  13              		.thumb
  14              		.syntax unified
  15              		.file	"cymetadata.c"
  16              		.text
  17              	.Ltext0:
  18              		.cfi_sections	.debug_frame
  19              		.global	cy_metadata
  20              		.global	cy_meta_flashprotect
  21              		.global	cy_meta_wonvl
  22              		.global	cy_meta_custnvl
  23              		.global	cy_meta_configecc
  24              		.section	.cyconfigecc,"a",%progbits
  25              		.align	2
  26              		.type	cy_meta_configecc, %object
  27              		.size	cy_meta_configecc, 732
  28              	cy_meta_configecc:
  29 0000 01       		.byte	1
  30 0001 52       		.byte	82
  31 0002 00       		.byte	0
  32 0003 40       		.byte	64
  33 0004 03       		.byte	3
  34 0005 64       		.byte	100
  35 0006 00       		.byte	0
  36 0007 40       		.byte	64
  37 0008 05       		.byte	5
  38 0009 0B       		.byte	11
  39 000a 01       		.byte	1
  40 000b 40       		.byte	64
  41 000c 15       		.byte	21
  42 000d 0C       		.byte	12
  43 000e 01       		.byte	1
  44 000f 40       		.byte	64
  45 0010 46       		.byte	70
  46 0011 0D       		.byte	13
  47 0012 01       		.byte	1
  48 0013 40       		.byte	64
  49 0014 67       		.byte	103
  50 0015 0E       		.byte	14
  51 0016 01       		.byte	1
  52 0017 40       		.byte	64
  53 0018 39       		.byte	57
  54 0019 0F       		.byte	15
  55 001a 01       		.byte	1
  56 001b 40       		.byte	64
  57 001c 05       		.byte	5
ARM GAS  C:\Users\acer\AppData\Local\Temp\cccUysg3.s 			page 2


  58 001d 45       		.byte	69
  59 001e 01       		.byte	1
  60 001f 40       		.byte	64
  61 0020 04       		.byte	4
  62 0021 46       		.byte	70
  63 0022 01       		.byte	1
  64 0023 40       		.byte	64
  65 0024 02       		.byte	2
  66 0025 50       		.byte	80
  67 0026 01       		.byte	1
  68 0027 40       		.byte	64
  69 0028 14       		.byte	20
  70 0029 01       		.byte	1
  71 002a 8C       		.byte	-116
  72 002b 38       		.byte	56
  73 002c 8D       		.byte	-115
  74 002d 72       		.byte	114
  75 002e 8E       		.byte	-114
  76 002f 0F       		.byte	15
  77 0030 AF       		.byte	-81
  78 0031 10       		.byte	16
  79 0032 B0       		.byte	-80
  80 0033 02       		.byte	2
  81 0034 B5       		.byte	-75
  82 0035 02       		.byte	2
  83 0036 B6       		.byte	-74
  84 0037 48       		.byte	72
  85 0038 EC       		.byte	-20
  86 0039 02       		.byte	2
  87 003a 02       		.byte	2
  88 003b 02       		.byte	2
  89 003c 06       		.byte	6
  90 003d 04       		.byte	4
  91 003e 0A       		.byte	10
  92 003f 01       		.byte	1
  93 0040 0C       		.byte	12
  94 0041 04       		.byte	4
  95 0042 12       		.byte	18
  96 0043 01       		.byte	1
  97 0044 16       		.byte	22
  98 0045 04       		.byte	4
  99 0046 18       		.byte	24
 100 0047 04       		.byte	4
 101 0048 24       		.byte	36
 102 0049 08       		.byte	8
 103 004a 2A       		.byte	42
 104 004b 02       		.byte	2
 105 004c 30       		.byte	48
 106 004d 04       		.byte	4
 107 004e 32       		.byte	50
 108 004f 01       		.byte	1
 109 0050 34       		.byte	52
 110 0051 08       		.byte	8
 111 0052 36       		.byte	54
 112 0053 02       		.byte	2
 113 0054 38       		.byte	56
 114 0055 02       		.byte	2
ARM GAS  C:\Users\acer\AppData\Local\Temp\cccUysg3.s 			page 3


 115 0056 3B       		.byte	59
 116 0057 02       		.byte	2
 117 0058 3E       		.byte	62
 118 0059 54       		.byte	84
 119 005a 54       		.byte	84
 120 005b 18       		.byte	24
 121 005c 58       		.byte	88
 122 005d 04       		.byte	4
 123 005e 59       		.byte	89
 124 005f 04       		.byte	4
 125 0060 5B       		.byte	91
 126 0061 04       		.byte	4
 127 0062 5F       		.byte	95
 128 0063 01       		.byte	1
 129 0064 00       		.byte	0
 130 0065 04       		.byte	4
 131 0066 01       		.byte	1
 132 0067 02       		.byte	2
 133 0068 02       		.byte	2
 134 0069 02       		.byte	2
 135 006a 03       		.byte	3
 136 006b 08       		.byte	8
 137 006c 04       		.byte	4
 138 006d 44       		.byte	68
 139 006e 06       		.byte	6
 140 006f 04       		.byte	4
 141 0070 07       		.byte	7
 142 0071 80       		.byte	-128
 143 0072 08       		.byte	8
 144 0073 10       		.byte	16
 145 0074 0A       		.byte	10
 146 0075 52       		.byte	82
 147 0076 0B       		.byte	11
 148 0077 04       		.byte	4
 149 0078 0D       		.byte	13
 150 0079 02       		.byte	2
 151 007a 0E       		.byte	14
 152 007b 18       		.byte	24
 153 007c 10       		.byte	16
 154 007d 80       		.byte	-128
 155 007e 13       		.byte	19
 156 007f 28       		.byte	40
 157 0080 15       		.byte	21
 158 0081 20       		.byte	32
 159 0082 16       		.byte	22
 160 0083 10       		.byte	16
 161 0084 18       		.byte	24
 162 0085 01       		.byte	1
 163 0086 1A       		.byte	26
 164 0087 58       		.byte	88
 165 0088 1B       		.byte	27
 166 0089 04       		.byte	4
 167 008a 1D       		.byte	29
 168 008b 42       		.byte	66
 169 008c 1F       		.byte	31
 170 008d 14       		.byte	20
 171 008e 20       		.byte	32
ARM GAS  C:\Users\acer\AppData\Local\Temp\cccUysg3.s 			page 4


 172 008f 04       		.byte	4
 173 0090 21       		.byte	33
 174 0091 01       		.byte	1
 175 0092 22       		.byte	34
 176 0093 10       		.byte	16
 177 0094 23       		.byte	35
 178 0095 82       		.byte	-126
 179 0096 24       		.byte	36
 180 0097 40       		.byte	64
 181 0098 26       		.byte	38
 182 0099 02       		.byte	2
 183 009a 28       		.byte	40
 184 009b 12       		.byte	18
 185 009c 2A       		.byte	42
 186 009d 02       		.byte	2
 187 009e 2B       		.byte	43
 188 009f 08       		.byte	8
 189 00a0 32       		.byte	50
 190 00a1 99       		.byte	-103
 191 00a2 38       		.byte	56
 192 00a3 6A       		.byte	106
 193 00a4 40       		.byte	64
 194 00a5 01       		.byte	1
 195 00a6 41       		.byte	65
 196 00a7 01       		.byte	1
 197 00a8 43       		.byte	67
 198 00a9 08       		.byte	8
 199 00aa 4A       		.byte	74
 200 00ab 0E       		.byte	14
 201 00ac 51       		.byte	81
 202 00ad 10       		.byte	16
 203 00ae 52       		.byte	82
 204 00af 04       		.byte	4
 205 00b0 5A       		.byte	90
 206 00b1 08       		.byte	8
 207 00b2 5F       		.byte	95
 208 00b3 02       		.byte	2
 209 00b4 65       		.byte	101
 210 00b5 40       		.byte	64
 211 00b6 67       		.byte	103
 212 00b7 08       		.byte	8
 213 00b8 68       		.byte	104
 214 00b9 01       		.byte	1
 215 00ba 69       		.byte	105
 216 00bb 10       		.byte	16
 217 00bc 6B       		.byte	107
 218 00bd 10       		.byte	16
 219 00be 70       		.byte	112
 220 00bf 94       		.byte	-108
 221 00c0 72       		.byte	114
 222 00c1 02       		.byte	2
 223 00c2 73       		.byte	115
 224 00c3 28       		.byte	40
 225 00c4 8C       		.byte	-116
 226 00c5 01       		.byte	1
 227 00c6 8F       		.byte	-113
 228 00c7 04       		.byte	4
ARM GAS  C:\Users\acer\AppData\Local\Temp\cccUysg3.s 			page 5


 229 00c8 92       		.byte	-110
 230 00c9 02       		.byte	2
 231 00ca 93       		.byte	-109
 232 00cb 04       		.byte	4
 233 00cc 95       		.byte	-107
 234 00cd 10       		.byte	16
 235 00ce 9A       		.byte	-102
 236 00cf 10       		.byte	16
 237 00d0 9C       		.byte	-100
 238 00d1 02       		.byte	2
 239 00d2 9F       		.byte	-97
 240 00d3 10       		.byte	16
 241 00d4 A2       		.byte	-94
 242 00d5 80       		.byte	-128
 243 00d6 A3       		.byte	-93
 244 00d7 08       		.byte	8
 245 00d8 A4       		.byte	-92
 246 00d9 01       		.byte	1
 247 00da B4       		.byte	-76
 248 00db 84       		.byte	-124
 249 00dc C0       		.byte	-64
 250 00dd FF       		.byte	-1
 251 00de C2       		.byte	-62
 252 00df 7F       		.byte	127
 253 00e0 C4       		.byte	-60
 254 00e1 6E       		.byte	110
 255 00e2 CA       		.byte	-54
 256 00e3 0F       		.byte	15
 257 00e4 CC       		.byte	-52
 258 00e5 0F       		.byte	15
 259 00e6 CE       		.byte	-50
 260 00e7 0F       		.byte	15
 261 00e8 D0       		.byte	-48
 262 00e9 0B       		.byte	11
 263 00ea D2       		.byte	-46
 264 00eb 0C       		.byte	12
 265 00ec D6       		.byte	-42
 266 00ed 82       		.byte	-126
 267 00ee D8       		.byte	-40
 268 00ef 30       		.byte	48
 269 00f0 00       		.byte	0
 270 00f1 20       		.byte	32
 271 00f2 01       		.byte	1
 272 00f3 02       		.byte	2
 273 00f4 05       		.byte	5
 274 00f5 10       		.byte	16
 275 00f6 07       		.byte	7
 276 00f7 60       		.byte	96
 277 00f8 08       		.byte	8
 278 00f9 20       		.byte	32
 279 00fa 09       		.byte	9
 280 00fb 7C       		.byte	124
 281 00fc 0C       		.byte	12
 282 00fd 13       		.byte	19
 283 00fe 0D       		.byte	13
 284 00ff 48       		.byte	72
 285 0100 0E       		.byte	14
ARM GAS  C:\Users\acer\AppData\Local\Temp\cccUysg3.s 			page 6


 286 0101 0C       		.byte	12
 287 0102 0F       		.byte	15
 288 0103 14       		.byte	20
 289 0104 10       		.byte	16
 290 0105 13       		.byte	19
 291 0106 12       		.byte	18
 292 0107 04       		.byte	4
 293 0108 14       		.byte	20
 294 0109 03       		.byte	3
 295 010a 16       		.byte	22
 296 010b 14       		.byte	20
 297 010c 18       		.byte	24
 298 010d 20       		.byte	32
 299 010e 19       		.byte	25
 300 010f 7C       		.byte	124
 301 0110 22       		.byte	34
 302 0111 08       		.byte	8
 303 0112 24       		.byte	36
 304 0113 0A       		.byte	10
 305 0114 26       		.byte	38
 306 0115 14       		.byte	20
 307 0116 2A       		.byte	42
 308 0117 15       		.byte	21
 309 0118 2D       		.byte	45
 310 0119 24       		.byte	36
 311 011a 2F       		.byte	47
 312 011b 19       		.byte	25
 313 011c 30       		.byte	48
 314 011d 0F       		.byte	15
 315 011e 31       		.byte	49
 316 011f 0C       		.byte	12
 317 0120 32       		.byte	50
 318 0121 20       		.byte	32
 319 0122 33       		.byte	51
 320 0123 02       		.byte	2
 321 0124 34       		.byte	52
 322 0125 10       		.byte	16
 323 0126 35       		.byte	53
 324 0127 70       		.byte	112
 325 0128 37       		.byte	55
 326 0129 01       		.byte	1
 327 012a 3A       		.byte	58
 328 012b 02       		.byte	2
 329 012c 3E       		.byte	62
 330 012d 10       		.byte	16
 331 012e 3F       		.byte	63
 332 012f 04       		.byte	4
 333 0130 40       		.byte	64
 334 0131 43       		.byte	67
 335 0132 41       		.byte	65
 336 0133 05       		.byte	5
 337 0134 45       		.byte	69
 338 0135 E0       		.byte	-32
 339 0136 46       		.byte	70
 340 0137 B0       		.byte	-80
 341 0138 47       		.byte	71
 342 0139 0C       		.byte	12
ARM GAS  C:\Users\acer\AppData\Local\Temp\cccUysg3.s 			page 7


 343 013a 48       		.byte	72
 344 013b 1A       		.byte	26
 345 013c 49       		.byte	73
 346 013d FF       		.byte	-1
 347 013e 4A       		.byte	74
 348 013f FF       		.byte	-1
 349 0140 4B       		.byte	75
 350 0141 FF       		.byte	-1
 351 0142 4E       		.byte	78
 352 0143 F0       		.byte	-16
 353 0144 4F       		.byte	79
 354 0145 44       		.byte	68
 355 0146 50       		.byte	80
 356 0147 0C       		.byte	12
 357 0148 54       		.byte	84
 358 0149 01       		.byte	1
 359 014a 58       		.byte	88
 360 014b 04       		.byte	4
 361 014c 59       		.byte	89
 362 014d 04       		.byte	4
 363 014e 5A       		.byte	90
 364 014f 04       		.byte	4
 365 0150 5B       		.byte	91
 366 0151 04       		.byte	4
 367 0152 5F       		.byte	95
 368 0153 01       		.byte	1
 369 0154 66       		.byte	102
 370 0155 C0       		.byte	-64
 371 0156 6A       		.byte	106
 372 0157 40       		.byte	64
 373 0158 6B       		.byte	107
 374 0159 02       		.byte	2
 375 015a 80       		.byte	-128
 376 015b 10       		.byte	16
 377 015c 82       		.byte	-126
 378 015d AC       		.byte	-84
 379 015e 86       		.byte	-122
 380 015f 03       		.byte	3
 381 0160 87       		.byte	-121
 382 0161 08       		.byte	8
 383 0162 88       		.byte	-120
 384 0163 10       		.byte	16
 385 0164 89       		.byte	-119
 386 0165 80       		.byte	-128
 387 0166 8A       		.byte	-118
 388 0167 40       		.byte	64
 389 0168 8B       		.byte	-117
 390 0169 13       		.byte	19
 391 016a 93       		.byte	-109
 392 016b 0C       		.byte	12
 393 016c 95       		.byte	-107
 394 016d 2C       		.byte	44
 395 016e 96       		.byte	-106
 396 016f 20       		.byte	32
 397 0170 97       		.byte	-105
 398 0171 43       		.byte	67
 399 0172 9C       		.byte	-100
ARM GAS  C:\Users\acer\AppData\Local\Temp\cccUysg3.s 			page 8


 400 0173 0C       		.byte	12
 401 0174 9E       		.byte	-98
 402 0175 71       		.byte	113
 403 0176 A0       		.byte	-96
 404 0177 09       		.byte	9
 405 0178 A1       		.byte	-95
 406 0179 71       		.byte	113
 407 017a A2       		.byte	-94
 408 017b D0       		.byte	-48
 409 017c A3       		.byte	-93
 410 017d 0E       		.byte	14
 411 017e A4       		.byte	-92
 412 017f DC       		.byte	-36
 413 0180 A6       		.byte	-90
 414 0181 22       		.byte	34
 415 0182 A8       		.byte	-88
 416 0183 14       		.byte	20
 417 0184 AD       		.byte	-83
 418 0185 71       		.byte	113
 419 0186 AF       		.byte	-81
 420 0187 06       		.byte	6
 421 0188 B2       		.byte	-78
 422 0189 1F       		.byte	31
 423 018a B3       		.byte	-77
 424 018b 30       		.byte	48
 425 018c B5       		.byte	-75
 426 018d 0F       		.byte	15
 427 018e B6       		.byte	-74
 428 018f E0       		.byte	-32
 429 0190 B7       		.byte	-73
 430 0191 C0       		.byte	-64
 431 0192 B9       		.byte	-71
 432 0193 88       		.byte	-120
 433 0194 BA       		.byte	-70
 434 0195 80       		.byte	-128
 435 0196 BB       		.byte	-69
 436 0197 20       		.byte	32
 437 0198 BF       		.byte	-65
 438 0199 04       		.byte	4
 439 019a C0       		.byte	-64
 440 019b 02       		.byte	2
 441 019c C7       		.byte	-57
 442 019d 04       		.byte	4
 443 019e C9       		.byte	-55
 444 019f FF       		.byte	-1
 445 01a0 CA       		.byte	-54
 446 01a1 07       		.byte	7
 447 01a2 CB       		.byte	-53
 448 01a3 FF       		.byte	-1
 449 01a4 CC       		.byte	-52
 450 01a5 40       		.byte	64
 451 01a6 CD       		.byte	-51
 452 01a7 20       		.byte	32
 453 01a8 CE       		.byte	-50
 454 01a9 F0       		.byte	-16
 455 01aa CF       		.byte	-49
 456 01ab 05       		.byte	5
ARM GAS  C:\Users\acer\AppData\Local\Temp\cccUysg3.s 			page 9


 457 01ac D0       		.byte	-48
 458 01ad 08       		.byte	8
 459 01ae D8       		.byte	-40
 460 01af 04       		.byte	4
 461 01b0 D9       		.byte	-39
 462 01b1 04       		.byte	4
 463 01b2 DA       		.byte	-38
 464 01b3 04       		.byte	4
 465 01b4 DF       		.byte	-33
 466 01b5 01       		.byte	1
 467 01b6 E0       		.byte	-32
 468 01b7 40       		.byte	64
 469 01b8 E1       		.byte	-31
 470 01b9 A8       		.byte	-88
 471 01ba E2       		.byte	-30
 472 01bb 40       		.byte	64
 473 01bc E3       		.byte	-29
 474 01bd 20       		.byte	32
 475 01be 00       		.byte	0
 476 01bf 02       		.byte	2
 477 01c0 01       		.byte	1
 478 01c1 10       		.byte	16
 479 01c2 03       		.byte	3
 480 01c3 02       		.byte	2
 481 01c4 05       		.byte	5
 482 01c5 06       		.byte	6
 483 01c6 06       		.byte	6
 484 01c7 14       		.byte	20
 485 01c8 08       		.byte	8
 486 01c9 10       		.byte	16
 487 01ca 09       		.byte	9
 488 01cb 08       		.byte	8
 489 01cc 0A       		.byte	10
 490 01cd 10       		.byte	16
 491 01ce 0B       		.byte	11
 492 01cf 80       		.byte	-128
 493 01d0 0E       		.byte	14
 494 01d1 01       		.byte	1
 495 01d2 0F       		.byte	15
 496 01d3 20       		.byte	32
 497 01d4 11       		.byte	17
 498 01d5 20       		.byte	32
 499 01d6 13       		.byte	19
 500 01d7 0A       		.byte	10
 501 01d8 15       		.byte	21
 502 01d9 20       		.byte	32
 503 01da 17       		.byte	23
 504 01db 0A       		.byte	10
 505 01dc 18       		.byte	24
 506 01dd 08       		.byte	8
 507 01de 19       		.byte	25
 508 01df 02       		.byte	2
 509 01e0 1B       		.byte	27
 510 01e1 0A       		.byte	10
 511 01e2 1D       		.byte	29
 512 01e3 04       		.byte	4
 513 01e4 1E       		.byte	30
ARM GAS  C:\Users\acer\AppData\Local\Temp\cccUysg3.s 			page 10


 514 01e5 01       		.byte	1
 515 01e6 1F       		.byte	31
 516 01e7 40       		.byte	64
 517 01e8 20       		.byte	32
 518 01e9 40       		.byte	64
 519 01ea 22       		.byte	34
 520 01eb 85       		.byte	-123
 521 01ec 23       		.byte	35
 522 01ed 04       		.byte	4
 523 01ee 27       		.byte	39
 524 01ef 2A       		.byte	42
 525 01f0 28       		.byte	40
 526 01f1 02       		.byte	2
 527 01f2 2F       		.byte	47
 528 01f3 42       		.byte	66
 529 01f4 30       		.byte	48
 530 01f5 10       		.byte	16
 531 01f6 33       		.byte	51
 532 01f7 10       		.byte	16
 533 01f8 37       		.byte	55
 534 01f9 0A       		.byte	10
 535 01fa 38       		.byte	56
 536 01fb 40       		.byte	64
 537 01fc 39       		.byte	57
 538 01fd 10       		.byte	16
 539 01fe 3B       		.byte	59
 540 01ff 06       		.byte	6
 541 0200 3C       		.byte	60
 542 0201 08       		.byte	8
 543 0202 3F       		.byte	63
 544 0203 20       		.byte	32
 545 0204 42       		.byte	66
 546 0205 20       		.byte	32
 547 0206 43       		.byte	67
 548 0207 02       		.byte	2
 549 0208 47       		.byte	71
 550 0209 20       		.byte	32
 551 020a 49       		.byte	73
 552 020b 01       		.byte	1
 553 020c 4B       		.byte	75
 554 020d 82       		.byte	-126
 555 020e 51       		.byte	81
 556 020f 18       		.byte	24
 557 0210 54       		.byte	84
 558 0211 04       		.byte	4
 559 0212 55       		.byte	85
 560 0213 10       		.byte	16
 561 0214 56       		.byte	86
 562 0215 24       		.byte	36
 563 0216 57       		.byte	87
 564 0217 10       		.byte	16
 565 0218 58       		.byte	88
 566 0219 80       		.byte	-128
 567 021a 59       		.byte	89
 568 021b 01       		.byte	1
 569 021c 5A       		.byte	90
 570 021d 18       		.byte	24
ARM GAS  C:\Users\acer\AppData\Local\Temp\cccUysg3.s 			page 11


 571 021e C0       		.byte	-64
 572 021f 7B       		.byte	123
 573 0220 C2       		.byte	-62
 574 0221 AE       		.byte	-82
 575 0222 C4       		.byte	-60
 576 0223 7E       		.byte	126
 577 0224 CA       		.byte	-54
 578 0225 98       		.byte	-104
 579 0226 CC       		.byte	-52
 580 0227 C4       		.byte	-60
 581 0228 CE       		.byte	-50
 582 0229 6F       		.byte	111
 583 022a D0       		.byte	-48
 584 022b 23       		.byte	35
 585 022c D2       		.byte	-46
 586 022d 08       		.byte	8
 587 022e D6       		.byte	-42
 588 022f 0F       		.byte	15
 589 0230 00       		.byte	0
 590 0231 08       		.byte	8
 591 0232 01       		.byte	1
 592 0233 08       		.byte	8
 593 0234 52       		.byte	82
 594 0235 20       		.byte	32
 595 0236 C0       		.byte	-64
 596 0237 08       		.byte	8
 597 0238 D4       		.byte	-44
 598 0239 04       		.byte	4
 599 023a AE       		.byte	-82
 600 023b 20       		.byte	32
 601 023c B0       		.byte	-80
 602 023d 04       		.byte	4
 603 023e B5       		.byte	-75
 604 023f 08       		.byte	8
 605 0240 EA       		.byte	-22
 606 0241 06       		.byte	6
 607 0242 00       		.byte	0
 608 0243 01       		.byte	1
 609 0244 0E       		.byte	14
 610 0245 01       		.byte	1
 611 0246 00       		.byte	0
 612 0247 00       		.byte	0
 613 0248 01       		.byte	1
 614 0249 1C       		.byte	28
 615 024a 80       		.byte	-128
 616 024b E1       		.byte	-31
 617 024c 1C       		.byte	28
 618 024d 18       		.byte	24
 619 024e 23       		.byte	35
 620 024f 00       		.byte	0
 621 0250 00       		.byte	0
 622 0251 08       		.byte	8
 623 0252 23       		.byte	35
 624 0253 00       		.byte	0
 625 0254 3F       		.byte	63
 626 0255 FF       		.byte	-1
 627 0256 00       		.byte	0
ARM GAS  C:\Users\acer\AppData\Local\Temp\cccUysg3.s 			page 12


 628 0257 00       		.byte	0
 629 0258 33       		.byte	51
 630 0259 80       		.byte	-128
 631 025a 0C       		.byte	12
 632 025b 00       		.byte	0
 633 025c 1F       		.byte	31
 634 025d E7       		.byte	-25
 635 025e 20       		.byte	32
 636 025f 18       		.byte	24
 637 0260 03       		.byte	3
 638 0261 3C       		.byte	60
 639 0262 40       		.byte	64
 640 0263 C2       		.byte	-62
 641 0264 02       		.byte	2
 642 0265 00       		.byte	0
 643 0266 80       		.byte	-128
 644 0267 04       		.byte	4
 645 0268 08       		.byte	8
 646 0269 10       		.byte	16
 647 026a 00       		.byte	0
 648 026b 00       		.byte	0
 649 026c 04       		.byte	4
 650 026d C0       		.byte	-64
 651 026e 00       		.byte	0
 652 026f 00       		.byte	0
 653 0270 0C       		.byte	12
 654 0271 00       		.byte	0
 655 0272 00       		.byte	0
 656 0273 E3       		.byte	-29
 657 0274 00       		.byte	0
 658 0275 44       		.byte	68
 659 0276 00       		.byte	0
 660 0277 00       		.byte	0
 661 0278 0F       		.byte	15
 662 0279 38       		.byte	56
 663 027a 2C       		.byte	44
 664 027b 00       		.byte	0
 665 027c 10       		.byte	16
 666 027d 1F       		.byte	31
 667 027e C0       		.byte	-64
 668 027f C0       		.byte	-64
 669 0280 00       		.byte	0
 670 0281 00       		.byte	0
 671 0282 0A       		.byte	10
 672 0283 20       		.byte	32
 673 0284 00       		.byte	0
 674 0285 00       		.byte	0
 675 0286 50       		.byte	80
 676 0287 00       		.byte	0
 677 0288 63       		.byte	99
 678 0289 05       		.byte	5
 679 028a 04       		.byte	4
 680 028b 00       		.byte	0
 681 028c 01       		.byte	1
 682 028d 00       		.byte	0
 683 028e C0       		.byte	-64
 684 028f 0E       		.byte	14
ARM GAS  C:\Users\acer\AppData\Local\Temp\cccUysg3.s 			page 13


 685 0290 18       		.byte	24
 686 0291 FF       		.byte	-1
 687 0292 FF       		.byte	-1
 688 0293 FF       		.byte	-1
 689 0294 62       		.byte	98
 690 0295 A0       		.byte	-96
 691 0296 F0       		.byte	-16
 692 0297 41       		.byte	65
 693 0298 0C       		.byte	12
 694 0299 00       		.byte	0
 695 029a 00       		.byte	0
 696 029b 00       		.byte	0
 697 029c 00       		.byte	0
 698 029d 00       		.byte	0
 699 029e 02       		.byte	2
 700 029f 12       		.byte	18
 701 02a0 04       		.byte	4
 702 02a1 04       		.byte	4
 703 02a2 04       		.byte	4
 704 02a3 04       		.byte	4
 705 02a4 00       		.byte	0
 706 02a5 00       		.byte	0
 707 02a6 00       		.byte	0
 708 02a7 01       		.byte	1
 709 02a8 00       		.byte	0
 710 02a9 00       		.byte	0
 711 02aa 00       		.byte	0
 712 02ab 00       		.byte	0
 713 02ac 00       		.byte	0
 714 02ad 00       		.byte	0
 715 02ae 40       		.byte	64
 716 02af 02       		.byte	2
 717 02b0 00       		.byte	0
 718 02b1 10       		.byte	16
 719 02b2 30       		.byte	48
 720 02b3 10       		.byte	16
 721 02b4 00       		.byte	0
 722 02b5 10       		.byte	16
 723 02b6 10       		.byte	16
 724 02b7 12       		.byte	18
 725 02b8 00       		.byte	0
 726 02b9 00       		.byte	0
 727 02ba 00       		.byte	0
 728 02bb 00       		.byte	0
 729 02bc 00       		.byte	0
 730 02bd 00       		.byte	0
 731 02be 00       		.byte	0
 732 02bf 00       		.byte	0
 733 02c0 00       		.byte	0
 734 02c1 00       		.byte	0
 735 02c2 00       		.byte	0
 736 02c3 00       		.byte	0
 737 02c4 00       		.byte	0
 738 02c5 00       		.byte	0
 739 02c6 00       		.byte	0
 740 02c7 00       		.byte	0
 741 02c8 00       		.byte	0
ARM GAS  C:\Users\acer\AppData\Local\Temp\cccUysg3.s 			page 14


 742 02c9 0B       		.byte	11
 743 02ca 0B       		.byte	11
 744 02cb 00       		.byte	0
 745 02cc 00       		.byte	0
 746 02cd 00       		.byte	0
 747 02ce 00       		.byte	0
 748 02cf 00       		.byte	0
 749 02d0 02       		.byte	2
 750 02d1 00       		.byte	0
 751 02d2 01       		.byte	1
 752 02d3 02       		.byte	2
 753 02d4 02       		.byte	2
 754 02d5 00       		.byte	0
 755 02d6 02       		.byte	2
 756 02d7 00       		.byte	0
 757 02d8 00       		.byte	0
 758 02d9 00       		.byte	0
 759 02da 00       		.byte	0
 760 02db 00       		.byte	0
 761              		.section	.cywolatch,"a",%progbits
 762              		.align	2
 763              		.type	cy_meta_wonvl, %object
 764              		.size	cy_meta_wonvl, 4
 765              	cy_meta_wonvl:
 766 0000 BC       		.byte	-68
 767 0001 90       		.byte	-112
 768 0002 AC       		.byte	-84
 769 0003 AF       		.byte	-81
 770              		.section	.cycustnvl,"a",%progbits
 771              		.align	2
 772              		.type	cy_meta_custnvl, %object
 773              		.size	cy_meta_custnvl, 4
 774              	cy_meta_custnvl:
 775 0000 00       		.byte	0
 776 0001 00       		.byte	0
 777 0002 40       		.byte	64
 778 0003 05       		.byte	5
 779              		.section	.cymeta,"a",%progbits
 780              		.align	2
 781              		.type	cy_metadata, %object
 782              		.size	cy_metadata, 12
 783              	cy_metadata:
 784 0000 00       		.byte	0
 785 0001 01       		.byte	1
 786 0002 2E       		.byte	46
 787 0003 16       		.byte	22
 788 0004 00       		.byte	0
 789 0005 69       		.byte	105
 790 0006 00       		.byte	0
 791 0007 01       		.byte	1
 792 0008 00       		.byte	0
 793 0009 00       		.byte	0
 794 000a 00       		.byte	0
 795 000b 00       		.byte	0
 796              		.section	.cyflashprotect,"a",%progbits
 797              		.align	2
 798              		.type	cy_meta_flashprotect, %object
ARM GAS  C:\Users\acer\AppData\Local\Temp\cccUysg3.s 			page 15


 799              		.size	cy_meta_flashprotect, 256
 800              	cy_meta_flashprotect:
 801 0000 00000000 		.space	256
 801      00000000 
 801      00000000 
 801      00000000 
 801      00000000 
 802              		.text
 803              	.Letext0:
 804              		.file 1 "c:\\program files (x86)\\cypress\\psoc creator\\4.4\\psoc creator\\import\\gnu\\arm\\5.4.
 805              		.file 2 "c:\\program files (x86)\\cypress\\psoc creator\\4.4\\psoc creator\\import\\gnu\\arm\\5.4.
 806              		.file 3 "Generated_Source\\PSoC5\\cymetadata.c"
 807              		.section	.debug_info,"",%progbits
 808              	.Ldebug_info0:
 809 0000 31010000 		.4byte	0x131
 810 0004 0400     		.2byte	0x4
 811 0006 00000000 		.4byte	.Ldebug_abbrev0
 812 000a 04       		.byte	0x4
 813 000b 01       		.uleb128 0x1
 814 000c 24000000 		.4byte	.LASF17
 815 0010 0C       		.byte	0xc
 816 0011 C2010000 		.4byte	.LASF18
 817 0015 7E010000 		.4byte	.LASF19
 818 0019 00000000 		.4byte	.Ldebug_line0
 819 001d 02       		.uleb128 0x2
 820 001e 01       		.byte	0x1
 821 001f 06       		.byte	0x6
 822 0020 72010000 		.4byte	.LASF0
 823 0024 03       		.uleb128 0x3
 824 0025 00000000 		.4byte	.LASF9
 825 0029 01       		.byte	0x1
 826 002a 1D       		.byte	0x1d
 827 002b 2F000000 		.4byte	0x2f
 828 002f 02       		.uleb128 0x2
 829 0030 01       		.byte	0x1
 830 0031 08       		.byte	0x8
 831 0032 16000000 		.4byte	.LASF1
 832 0036 02       		.uleb128 0x2
 833 0037 02       		.byte	0x2
 834 0038 05       		.byte	0x5
 835 0039 5F010000 		.4byte	.LASF2
 836 003d 02       		.uleb128 0x2
 837 003e 02       		.byte	0x2
 838 003f 07       		.byte	0x7
 839 0040 C4000000 		.4byte	.LASF3
 840 0044 02       		.uleb128 0x2
 841 0045 04       		.byte	0x4
 842 0046 05       		.byte	0x5
 843 0047 69010000 		.4byte	.LASF4
 844 004b 02       		.uleb128 0x2
 845 004c 04       		.byte	0x4
 846 004d 07       		.byte	0x7
 847 004e B2000000 		.4byte	.LASF5
 848 0052 02       		.uleb128 0x2
 849 0053 08       		.byte	0x8
 850 0054 05       		.byte	0x5
 851 0055 51010000 		.4byte	.LASF6
ARM GAS  C:\Users\acer\AppData\Local\Temp\cccUysg3.s 			page 16


 852 0059 02       		.uleb128 0x2
 853 005a 08       		.byte	0x8
 854 005b 07       		.byte	0x7
 855 005c 06010000 		.4byte	.LASF7
 856 0060 04       		.uleb128 0x4
 857 0061 04       		.byte	0x4
 858 0062 05       		.byte	0x5
 859 0063 696E7400 		.ascii	"int\000"
 860 0067 02       		.uleb128 0x2
 861 0068 04       		.byte	0x4
 862 0069 07       		.byte	0x7
 863 006a F9000000 		.4byte	.LASF8
 864 006e 03       		.uleb128 0x3
 865 006f 1D010000 		.4byte	.LASF10
 866 0073 02       		.byte	0x2
 867 0074 18       		.byte	0x18
 868 0075 24000000 		.4byte	0x24
 869 0079 05       		.uleb128 0x5
 870 007a 91000000 		.4byte	0x91
 871 007e 8A000000 		.4byte	0x8a
 872 0082 06       		.uleb128 0x6
 873 0083 8A000000 		.4byte	0x8a
 874 0087 DB02     		.2byte	0x2db
 875 0089 00       		.byte	0
 876 008a 02       		.uleb128 0x2
 877 008b 04       		.byte	0x4
 878 008c 07       		.byte	0x7
 879 008d 48010000 		.4byte	.LASF11
 880 0091 07       		.uleb128 0x7
 881 0092 6E000000 		.4byte	0x6e
 882 0096 08       		.uleb128 0x8
 883 0097 E7000000 		.4byte	.LASF12
 884 009b 03       		.byte	0x3
 885 009c 1F       		.byte	0x1f
 886 009d A7000000 		.4byte	0xa7
 887 00a1 05       		.uleb128 0x5
 888 00a2 03       		.byte	0x3
 889 00a3 00000000 		.4byte	cy_meta_configecc
 890 00a7 07       		.uleb128 0x7
 891 00a8 79000000 		.4byte	0x79
 892 00ac 05       		.uleb128 0x5
 893 00ad 91000000 		.4byte	0x91
 894 00b1 BC000000 		.4byte	0xbc
 895 00b5 09       		.uleb128 0x9
 896 00b6 8A000000 		.4byte	0x8a
 897 00ba 03       		.byte	0x3
 898 00bb 00       		.byte	0
 899 00bc 08       		.uleb128 0x8
 900 00bd D7000000 		.4byte	.LASF13
 901 00c1 03       		.byte	0x3
 902 00c2 88       		.byte	0x88
 903 00c3 CD000000 		.4byte	0xcd
 904 00c7 05       		.uleb128 0x5
 905 00c8 03       		.byte	0x3
 906 00c9 00000000 		.4byte	cy_meta_custnvl
 907 00cd 07       		.uleb128 0x7
 908 00ce AC000000 		.4byte	0xac
ARM GAS  C:\Users\acer\AppData\Local\Temp\cccUysg3.s 			page 17


 909 00d2 08       		.uleb128 0x8
 910 00d3 3A010000 		.4byte	.LASF14
 911 00d7 03       		.byte	0x3
 912 00d8 96       		.byte	0x96
 913 00d9 E3000000 		.4byte	0xe3
 914 00dd 05       		.uleb128 0x5
 915 00de 03       		.byte	0x3
 916 00df 00000000 		.4byte	cy_meta_wonvl
 917 00e3 07       		.uleb128 0x7
 918 00e4 AC000000 		.4byte	0xac
 919 00e8 05       		.uleb128 0x5
 920 00e9 91000000 		.4byte	0x91
 921 00ed F8000000 		.4byte	0xf8
 922 00f1 09       		.uleb128 0x9
 923 00f2 8A000000 		.4byte	0x8a
 924 00f6 FF       		.byte	0xff
 925 00f7 00       		.byte	0
 926 00f8 08       		.uleb128 0x8
 927 00f9 25010000 		.4byte	.LASF15
 928 00fd 03       		.byte	0x3
 929 00fe A4       		.byte	0xa4
 930 00ff 09010000 		.4byte	0x109
 931 0103 05       		.uleb128 0x5
 932 0104 03       		.byte	0x3
 933 0105 00000000 		.4byte	cy_meta_flashprotect
 934 0109 07       		.uleb128 0x7
 935 010a E8000000 		.4byte	0xe8
 936 010e 05       		.uleb128 0x5
 937 010f 91000000 		.4byte	0x91
 938 0113 1E010000 		.4byte	0x11e
 939 0117 09       		.uleb128 0x9
 940 0118 8A000000 		.4byte	0x8a
 941 011c 0B       		.byte	0xb
 942 011d 00       		.byte	0
 943 011e 08       		.uleb128 0x8
 944 011f 0A000000 		.4byte	.LASF16
 945 0123 03       		.byte	0x3
 946 0124 D1       		.byte	0xd1
 947 0125 2F010000 		.4byte	0x12f
 948 0129 05       		.uleb128 0x5
 949 012a 03       		.byte	0x3
 950 012b 00000000 		.4byte	cy_metadata
 951 012f 07       		.uleb128 0x7
 952 0130 0E010000 		.4byte	0x10e
 953 0134 00       		.byte	0
 954              		.section	.debug_abbrev,"",%progbits
 955              	.Ldebug_abbrev0:
 956 0000 01       		.uleb128 0x1
 957 0001 11       		.uleb128 0x11
 958 0002 01       		.byte	0x1
 959 0003 25       		.uleb128 0x25
 960 0004 0E       		.uleb128 0xe
 961 0005 13       		.uleb128 0x13
 962 0006 0B       		.uleb128 0xb
 963 0007 03       		.uleb128 0x3
 964 0008 0E       		.uleb128 0xe
 965 0009 1B       		.uleb128 0x1b
ARM GAS  C:\Users\acer\AppData\Local\Temp\cccUysg3.s 			page 18


 966 000a 0E       		.uleb128 0xe
 967 000b 10       		.uleb128 0x10
 968 000c 17       		.uleb128 0x17
 969 000d 00       		.byte	0
 970 000e 00       		.byte	0
 971 000f 02       		.uleb128 0x2
 972 0010 24       		.uleb128 0x24
 973 0011 00       		.byte	0
 974 0012 0B       		.uleb128 0xb
 975 0013 0B       		.uleb128 0xb
 976 0014 3E       		.uleb128 0x3e
 977 0015 0B       		.uleb128 0xb
 978 0016 03       		.uleb128 0x3
 979 0017 0E       		.uleb128 0xe
 980 0018 00       		.byte	0
 981 0019 00       		.byte	0
 982 001a 03       		.uleb128 0x3
 983 001b 16       		.uleb128 0x16
 984 001c 00       		.byte	0
 985 001d 03       		.uleb128 0x3
 986 001e 0E       		.uleb128 0xe
 987 001f 3A       		.uleb128 0x3a
 988 0020 0B       		.uleb128 0xb
 989 0021 3B       		.uleb128 0x3b
 990 0022 0B       		.uleb128 0xb
 991 0023 49       		.uleb128 0x49
 992 0024 13       		.uleb128 0x13
 993 0025 00       		.byte	0
 994 0026 00       		.byte	0
 995 0027 04       		.uleb128 0x4
 996 0028 24       		.uleb128 0x24
 997 0029 00       		.byte	0
 998 002a 0B       		.uleb128 0xb
 999 002b 0B       		.uleb128 0xb
 1000 002c 3E       		.uleb128 0x3e
 1001 002d 0B       		.uleb128 0xb
 1002 002e 03       		.uleb128 0x3
 1003 002f 08       		.uleb128 0x8
 1004 0030 00       		.byte	0
 1005 0031 00       		.byte	0
 1006 0032 05       		.uleb128 0x5
 1007 0033 01       		.uleb128 0x1
 1008 0034 01       		.byte	0x1
 1009 0035 49       		.uleb128 0x49
 1010 0036 13       		.uleb128 0x13
 1011 0037 01       		.uleb128 0x1
 1012 0038 13       		.uleb128 0x13
 1013 0039 00       		.byte	0
 1014 003a 00       		.byte	0
 1015 003b 06       		.uleb128 0x6
 1016 003c 21       		.uleb128 0x21
 1017 003d 00       		.byte	0
 1018 003e 49       		.uleb128 0x49
 1019 003f 13       		.uleb128 0x13
 1020 0040 2F       		.uleb128 0x2f
 1021 0041 05       		.uleb128 0x5
 1022 0042 00       		.byte	0
ARM GAS  C:\Users\acer\AppData\Local\Temp\cccUysg3.s 			page 19


 1023 0043 00       		.byte	0
 1024 0044 07       		.uleb128 0x7
 1025 0045 26       		.uleb128 0x26
 1026 0046 00       		.byte	0
 1027 0047 49       		.uleb128 0x49
 1028 0048 13       		.uleb128 0x13
 1029 0049 00       		.byte	0
 1030 004a 00       		.byte	0
 1031 004b 08       		.uleb128 0x8
 1032 004c 34       		.uleb128 0x34
 1033 004d 00       		.byte	0
 1034 004e 03       		.uleb128 0x3
 1035 004f 0E       		.uleb128 0xe
 1036 0050 3A       		.uleb128 0x3a
 1037 0051 0B       		.uleb128 0xb
 1038 0052 3B       		.uleb128 0x3b
 1039 0053 0B       		.uleb128 0xb
 1040 0054 49       		.uleb128 0x49
 1041 0055 13       		.uleb128 0x13
 1042 0056 3F       		.uleb128 0x3f
 1043 0057 19       		.uleb128 0x19
 1044 0058 02       		.uleb128 0x2
 1045 0059 18       		.uleb128 0x18
 1046 005a 00       		.byte	0
 1047 005b 00       		.byte	0
 1048 005c 09       		.uleb128 0x9
 1049 005d 21       		.uleb128 0x21
 1050 005e 00       		.byte	0
 1051 005f 49       		.uleb128 0x49
 1052 0060 13       		.uleb128 0x13
 1053 0061 2F       		.uleb128 0x2f
 1054 0062 0B       		.uleb128 0xb
 1055 0063 00       		.byte	0
 1056 0064 00       		.byte	0
 1057 0065 00       		.byte	0
 1058              		.section	.debug_aranges,"",%progbits
 1059 0000 14000000 		.4byte	0x14
 1060 0004 0200     		.2byte	0x2
 1061 0006 00000000 		.4byte	.Ldebug_info0
 1062 000a 04       		.byte	0x4
 1063 000b 00       		.byte	0
 1064 000c 0000     		.2byte	0
 1065 000e 0000     		.2byte	0
 1066 0010 00000000 		.4byte	0
 1067 0014 00000000 		.4byte	0
 1068              		.section	.debug_line,"",%progbits
 1069              	.Ldebug_line0:
 1070 0000 3D010000 		.section	.debug_str,"MS",%progbits,1
 1070      02003701 
 1070      00000201 
 1070      FB0E0D00 
 1070      01010101 
 1071              	.LASF9:
 1072 0000 5F5F7569 		.ascii	"__uint8_t\000"
 1072      6E74385F 
 1072      7400
 1073              	.LASF16:
ARM GAS  C:\Users\acer\AppData\Local\Temp\cccUysg3.s 			page 20


 1074 000a 63795F6D 		.ascii	"cy_metadata\000"
 1074      65746164 
 1074      61746100 
 1075              	.LASF1:
 1076 0016 756E7369 		.ascii	"unsigned char\000"
 1076      676E6564 
 1076      20636861 
 1076      7200
 1077              	.LASF17:
 1078 0024 474E5520 		.ascii	"GNU C11 5.4.1 20160609 (release) [ARM/embedded-5-br"
 1078      43313120 
 1078      352E342E 
 1078      31203230 
 1078      31363036 
 1079 0057 616E6368 		.ascii	"anch revision 237715] -mcpu=cortex-m3 -mthumb -g -O"
 1079      20726576 
 1079      6973696F 
 1079      6E203233 
 1079      37373135 
 1080 008a 67202D66 		.ascii	"g -ffunction-sections -ffat-lto-objects\000"
 1080      66756E63 
 1080      74696F6E 
 1080      2D736563 
 1080      74696F6E 
 1081              	.LASF5:
 1082 00b2 6C6F6E67 		.ascii	"long unsigned int\000"
 1082      20756E73 
 1082      69676E65 
 1082      6420696E 
 1082      7400
 1083              	.LASF3:
 1084 00c4 73686F72 		.ascii	"short unsigned int\000"
 1084      7420756E 
 1084      7369676E 
 1084      65642069 
 1084      6E7400
 1085              	.LASF13:
 1086 00d7 63795F6D 		.ascii	"cy_meta_custnvl\000"
 1086      6574615F 
 1086      63757374 
 1086      6E766C00 
 1087              	.LASF12:
 1088 00e7 63795F6D 		.ascii	"cy_meta_configecc\000"
 1088      6574615F 
 1088      636F6E66 
 1088      69676563 
 1088      6300
 1089              	.LASF8:
 1090 00f9 756E7369 		.ascii	"unsigned int\000"
 1090      676E6564 
 1090      20696E74 
 1090      00
 1091              	.LASF7:
 1092 0106 6C6F6E67 		.ascii	"long long unsigned int\000"
 1092      206C6F6E 
 1092      6720756E 
 1092      7369676E 
ARM GAS  C:\Users\acer\AppData\Local\Temp\cccUysg3.s 			page 21


 1092      65642069 
 1093              	.LASF10:
 1094 011d 75696E74 		.ascii	"uint8_t\000"
 1094      385F7400 
 1095              	.LASF15:
 1096 0125 63795F6D 		.ascii	"cy_meta_flashprotect\000"
 1096      6574615F 
 1096      666C6173 
 1096      6870726F 
 1096      74656374 
 1097              	.LASF14:
 1098 013a 63795F6D 		.ascii	"cy_meta_wonvl\000"
 1098      6574615F 
 1098      776F6E76 
 1098      6C00
 1099              	.LASF11:
 1100 0148 73697A65 		.ascii	"sizetype\000"
 1100      74797065 
 1100      00
 1101              	.LASF6:
 1102 0151 6C6F6E67 		.ascii	"long long int\000"
 1102      206C6F6E 
 1102      6720696E 
 1102      7400
 1103              	.LASF2:
 1104 015f 73686F72 		.ascii	"short int\000"
 1104      7420696E 
 1104      7400
 1105              	.LASF4:
 1106 0169 6C6F6E67 		.ascii	"long int\000"
 1106      20696E74 
 1106      00
 1107              	.LASF0:
 1108 0172 7369676E 		.ascii	"signed char\000"
 1108      65642063 
 1108      68617200 
 1109              	.LASF19:
 1110 017e 433A5C53 		.ascii	"C:\\Sandbox\\Sem2\\SDHD\\Git\\SDHD\\TxtoMATLAB\\Ex2"
 1110      616E6462 
 1110      6F785C53 
 1110      656D325C 
 1110      53444844 
 1111 01aa 55696E74 		.ascii	"Uint8toMatlab\\Ex2.cydsn\000"
 1111      38746F4D 
 1111      61746C61 
 1111      625C4578 
 1111      322E6379 
 1112              	.LASF18:
 1113 01c2 47656E65 		.ascii	"Generated_Source\\PSoC5\\cymetadata.c\000"
 1113      72617465 
 1113      645F536F 
 1113      75726365 
 1113      5C50536F 
 1114              		.ident	"GCC: (GNU Tools for ARM Embedded Processors) 5.4.1 20160609 (release) [ARM/embedded-5-bran
